<?xml version="1.0" encoding="UTF-8"?>
<testng-results skipped="0" failed="0" ignored="0" total="3" passed="3">
  <reporter-output>
  </reporter-output>
  <suite name="Default suite" duration-ms="126864" started-at="2022-06-14T10:03:54 IST" finished-at="2022-06-14T10:06:01 IST">
    <groups>
    </groups>
    <test name="Default test" duration-ms="126864" started-at="2022-06-14T10:03:54 IST" finished-at="2022-06-14T10:06:01 IST">
      <class name="testNG.suiteExample">
        <test-method status="PASS" signature="openbrowser()[pri:0, instance:testNG.suiteExample@1a38c59b]" name="openbrowser" is-config="true" duration-ms="26988" started-at="2022-06-14T10:03:27 IST" finished-at="2022-06-14T10:03:54 IST">
          <reporter-output>
          </reporter-output>
        </test-method> <!-- openbrowser -->
        <test-method status="PASS" signature="openbing()[pri:0, instance:testNG.suiteExample@1a38c59b]" name="openbing" duration-ms="22299" started-at="2022-06-14T10:03:55 IST" finished-at="2022-06-14T10:04:17 IST">
          <reporter-output>
          </reporter-output>
        </test-method> <!-- openbing -->
        <test-method status="PASS" signature="opengoogle()[pri:0, instance:testNG.suiteExample@1a38c59b]" name="opengoogle" duration-ms="60757" started-at="2022-06-14T10:04:17 IST" finished-at="2022-06-14T10:05:18 IST">
          <reporter-output>
          </reporter-output>
        </test-method> <!-- opengoogle -->
        <test-method status="PASS" signature="openyahoo()[pri:0, instance:testNG.suiteExample@1a38c59b]" name="openyahoo" duration-ms="42534" started-at="2022-06-14T10:05:18 IST" finished-at="2022-06-14T10:06:01 IST">
          <reporter-output>
          </reporter-output>
        </test-method> <!-- openyahoo -->
        <test-method status="FAIL" signature="closebrowser()[pri:0, instance:testNG.suiteExample@1a38c59b]" name="closebrowser" is-config="true" duration-ms="2" started-at="2022-06-14T10:06:03 IST" finished-at="2022-06-14T10:06:03 IST">
          <exception class="java.lang.NullPointerException">
            <full-stacktrace>
              <![CDATA[java.lang.NullPointerException
at testNG.suiteExample.closebrowser(suiteExample.java:52)
at sun.reflect.NativeMethodAccessorImpl.invoke0(Native Method)
at sun.reflect.NativeMethodAccessorImpl.invoke(Unknown Source)
at sun.reflect.DelegatingMethodAccessorImpl.invoke(Unknown Source)
at java.lang.reflect.Method.invoke(Unknown Source)
at org.testng.internal.MethodInvocationHelper.invokeMethod(MethodInvocationHelper.java:133)
at org.testng.internal.MethodInvocationHelper.invokeMethodConsideringTimeout(MethodInvocationHelper.java:62)
at org.testng.internal.ConfigInvoker.invokeConfigurationMethod(ConfigInvoker.java:385)
at org.testng.internal.ConfigInvoker.invokeConfigurations(ConfigInvoker.java:321)
at org.testng.SuiteRunner.privateRun(SuiteRunner.java:344)
at org.testng.SuiteRunner.run(SuiteRunner.java:276)
at org.testng.SuiteRunnerWorker.runSuite(SuiteRunnerWorker.java:53)
at org.testng.SuiteRunnerWorker.run(SuiteRunnerWorker.java:96)
at org.testng.TestNG.runSuitesSequentially(TestNG.java:1212)
at org.testng.TestNG.runSuitesLocally(TestNG.java:1134)
at org.testng.TestNG.runSuites(TestNG.java:1063)
at org.testng.TestNG.run(TestNG.java:1031)
at org.testng.remote.AbstractRemoteTestNG.run(AbstractRemoteTestNG.java:115)
at org.testng.remote.RemoteTestNG.initAndRun(RemoteTestNG.java:251)
at org.testng.remote.RemoteTestNG.main(RemoteTestNG.java:77)
]]>
            </full-stacktrace>
          </exception> <!-- java.lang.NullPointerException -->
          <reporter-output>
          </reporter-output>
        </test-method> <!-- closebrowser -->
      </class> <!-- testNG.suiteExample -->
    </test> <!-- Default test -->
  </suite> <!-- Default suite -->
</testng-results>
