<?xml version="1.0" encoding="UTF-8"?>
<!-- Generated by org.testng.reporters.JUnitXMLReporter -->
<testsuite hostname="DESKTOP-7RQSRHI" ignored="0" name="Default test" tests="3" failures="0" timestamp="2022-06-14T10:06:02 IST" time="126.864" errors="0">
  <testcase name="openbing" time="22.299" classname="testNG.suiteExample"/>
  <testcase name="opengoogle" time="60.757" classname="testNG.suiteExample"/>
  <testcase name="openyahoo" time="42.534" classname="testNG.suiteExample"/>
</testsuite> <!-- Default test -->
